<?xml version="1.0" encoding="UTF-8"?>
<testsuite name="it.unicam.cs.mpgc.rpg126038.MatchEngineTest" tests="6" skipped="0" failures="0" errors="0" timestamp="2026-07-11T09:56:53" hostname="PC_MARIADELE" time="0.05">
  <properties/>
  <testcase name="testEventsHaveValidMinutes()" classname="it.unicam.cs.mpgc.rpg126038.MatchEngineTest" time="0.033"/>
  <testcase name="testMatchIsPlayedAfterSimulation()" classname="it.unicam.cs.mpgc.rpg126038.MatchEngineTest" time="0.002"/>
  <testcase name="testGoalsAreNotNegative()" classname="it.unicam.cs.mpgc.rpg126038.MatchEngineTest" time="0.002"/>
  <testcase name="testResultIsNotNull()" classname="it.unicam.cs.mpgc.rpg126038.MatchEngineTest" time="0.002"/>
  <testcase name="testNoDraws()" classname="it.unicam.cs.mpgc.rpg126038.MatchEngineTest" time="0.003"/>
  <testcase name="testWinnerIsOneOfTheTeams()" classname="it.unicam.cs.mpgc.rpg126038.MatchEngineTest" time="0.001"/>
  <system-out><![CDATA[]]></system-out>
  <system-err><![CDATA[]]></system-err>
</testsuite>
